<?xml version="1.0" encoding="UTF-8"?>
<testng-results skipped="0" failed="0" ignored="0" total="2" passed="2">
  <reporter-output>
  </reporter-output>
  <suite name="Default suite" duration-ms="24202" started-at="2019-08-19T08:47:12Z" finished-at="2019-08-19T08:47:36Z">
    <groups>
    </groups>
    <test name="Default test" duration-ms="24202" started-at="2019-08-19T08:47:12Z" finished-at="2019-08-19T08:47:36Z">
      <class name="com.tests.LoginTest">
        <test-method status="PASS" signature="setUp()[pri:0, instance:com.tests.LoginTest@adede5]" name="setUp" is-config="true" duration-ms="12161" started-at="2019-08-19T14:17:12Z" finished-at="2019-08-19T14:17:24Z">
          <reporter-output>
          </reporter-output>
        </test-method> <!-- setUp -->
        <test-method status="PASS" signature="verifyTitle()[pri:1, instance:com.tests.LoginTest@adede5]" name="verifyTitle" duration-ms="14" started-at="2019-08-19T14:17:24Z" finished-at="2019-08-19T14:17:24Z">
          <reporter-output>
          </reporter-output>
        </test-method> <!-- verifyTitle -->
        <test-method status="PASS" signature="tearDown()[pri:0, instance:com.tests.LoginTest@adede5]" name="tearDown" is-config="true" duration-ms="718" started-at="2019-08-19T14:17:24Z" finished-at="2019-08-19T14:17:25Z">
          <reporter-output>
          </reporter-output>
        </test-method> <!-- tearDown -->
        <test-method status="PASS" signature="setUp()[pri:0, instance:com.tests.LoginTest@adede5]" name="setUp" is-config="true" duration-ms="10484" started-at="2019-08-19T14:17:25Z" finished-at="2019-08-19T14:17:36Z">
          <reporter-output>
          </reporter-output>
        </test-method> <!-- setUp -->
        <test-method status="PASS" signature="verifyLogo()[pri:2, instance:com.tests.LoginTest@adede5]" name="verifyLogo" duration-ms="83" started-at="2019-08-19T14:17:36Z" finished-at="2019-08-19T14:17:36Z">
          <reporter-output>
          </reporter-output>
        </test-method> <!-- verifyLogo -->
        <test-method status="PASS" signature="tearDown()[pri:0, instance:com.tests.LoginTest@adede5]" name="tearDown" is-config="true" duration-ms="717" started-at="2019-08-19T14:17:36Z" finished-at="2019-08-19T14:17:36Z">
          <reporter-output>
          </reporter-output>
        </test-method> <!-- tearDown -->
      </class> <!-- com.tests.LoginTest -->
    </test> <!-- Default test -->
  </suite> <!-- Default suite -->
</testng-results>
